[1014/025135.409:ERROR:process_info.cc(329)] VirtualQueryEx: Accès refusé. (0x5)
[1014/025135.409:ERROR:process_info.cc(329)] VirtualQueryEx: Accès refusé. (0x5)
[1014/025135.409:ERROR:process_info.cc(556)] ReadMemoryInfo failed
[1014/025135.409:ERROR:process_info.cc(556)] ReadMemoryInfo failed
[1014/025135.409:ERROR:process_memory_win.cc(39)] Failed to initialize ProcessInfo.
[1014/025135.409:ERROR:process_memory_win.cc(39)] Failed to initialize ProcessInfo.
[1014/025135.409:ERROR:scoped_process_suspend.cc(40)] NtResumeProcess: Tentative d’accès à un processus en cours d’arrêt. (0xc000010a)
[1014/025135.409:ERROR:scoped_process_suspend.cc(40)] NtResumeProcess: Tentative d’accès à un processus en cours d’arrêt. (0xc000010a)
[1017/104553.364:ERROR:directory_reader_win.cc(43)] FindFirstFile: Le chemin d’accès spécifié est introuvable. (0x3)
[1019/184426.659:ERROR:directory_reader_win.cc(43)] FindFirstFile: Le chemin d’accès spécifié est introuvable. (0x3)
[1031/142813.314:ERROR:directory_reader_win.cc(43)] FindFirstFile: Le chemin d’accès spécifié est introuvable. (0x3)
[1101/025450.406:ERROR:process_reader_win.cc(151)] SuspendThread: Accès refusé. (0x5)
[1101/025450.406:ERROR:process_reader_win.cc(151)] SuspendThread: Accès refusé. (0x5)
[1101/025450.406:ERROR:process_reader_win.cc(151)] SuspendThread: Accès refusé. (0x5)
[1101/025450.406:ERROR:process_reader_win.cc(151)] SuspendThread: Accès refusé. (0x5)
[1101/025450.406:ERROR:process_reader_win.cc(151)] SuspendThread: Accès refusé. (0x5)
[1101/025450.406:ERROR:process_reader_win.cc(151)] SuspendThread: Accès refusé. (0x5)
[1101/025450.406:ERROR:process_reader_win.cc(151)] SuspendThread: Accès refusé. (0x5)
[1101/025450.406:ERROR:process_reader_win.cc(151)] SuspendThread: Accès refusé. (0x5)
[1101/025450.406:ERROR:process_reader_win.cc(151)] SuspendThread: Accès refusé. (0x5)
[1101/025450.406:ERROR:process_reader_win.cc(151)] SuspendThread: Accès refusé. (0x5)
[1101/025450.406:ERROR:process_reader_win.cc(151)] SuspendThread: Accès refusé. (0x5)
[1101/025450.406:ERROR:process_reader_win.cc(123)] NtOpenThread: {Accès refusé} Un processus a demandé l’accès a un objet, mais il ne bénéficie pas des autorisations nécessaires. (0xc0000022)
[1101/025450.406:ERROR:exception_snapshot_win.cc(99)] thread ID 13908 not found in process
[1101/025450.422:ERROR:process_reader_win.cc(151)] SuspendThread: Accès refusé. (0x5)
[1101/025450.422:ERROR:process_reader_win.cc(151)] SuspendThread: Accès refusé. (0x5)
[1101/025450.422:ERROR:process_reader_win.cc(151)] SuspendThread: Accès refusé. (0x5)
[1101/025450.422:ERROR:process_reader_win.cc(151)] SuspendThread: Accès refusé. (0x5)
[1101/025450.422:ERROR:process_reader_win.cc(151)] SuspendThread: Accès refusé. (0x5)
[1101/025450.422:ERROR:process_reader_win.cc(151)] SuspendThread: Accès refusé. (0x5)
[1101/025450.422:ERROR:process_reader_win.cc(151)] SuspendThread: Accès refusé. (0x5)
[1101/025450.422:ERROR:process_reader_win.cc(151)] SuspendThread: Accès refusé. (0x5)
[1101/025450.422:ERROR:process_reader_win.cc(151)] SuspendThread: Accès refusé. (0x5)
[1101/025450.422:ERROR:process_reader_win.cc(151)] SuspendThread: Accès refusé. (0x5)
[1101/025450.422:ERROR:process_reader_win.cc(151)] SuspendThread: Accès refusé. (0x5)
[1101/025450.422:ERROR:process_reader_win.cc(123)] NtOpenThread: {Accès refusé} Un processus a demandé l’accès a un objet, mais il ne bénéficie pas des autorisations nécessaires. (0xc0000022)
[1101/025450.422:ERROR:exception_snapshot_win.cc(99)] thread ID 13364 not found in process
[1101/025450.422:ERROR:process_reader_win.cc(151)] SuspendThread: Accès refusé. (0x5)
[1101/025450.422:ERROR:process_reader_win.cc(151)] SuspendThread: Accès refusé. (0x5)
[1101/025450.422:ERROR:process_reader_win.cc(151)] SuspendThread: Accès refusé. (0x5)
[1101/025450.422:ERROR:process_reader_win.cc(151)] SuspendThread: Accès refusé. (0x5)
[1101/025450.422:ERROR:process_reader_win.cc(151)] SuspendThread: Accès refusé. (0x5)
[1101/025450.422:ERROR:process_reader_win.cc(151)] SuspendThread: Accès refusé. (0x5)
[1101/025450.422:ERROR:process_reader_win.cc(151)] SuspendThread: Accès refusé. (0x5)
[1101/025450.422:ERROR:process_reader_win.cc(151)] SuspendThread: Accès refusé. (0x5)
[1101/025450.422:ERROR:process_reader_win.cc(151)] SuspendThread: Accès refusé. (0x5)
[1101/025450.422:ERROR:process_reader_win.cc(151)] SuspendThread: Accès refusé. (0x5)
[1101/025450.422:ERROR:process_reader_win.cc(151)] SuspendThread: Accès refusé. (0x5)
[1101/025450.422:ERROR:process_reader_win.cc(151)] SuspendThread: Accès refusé. (0x5)
[1101/025450.422:ERROR:process_reader_win.cc(151)] SuspendThread: Accès refusé. (0x5)
[1101/025450.422:ERROR:process_reader_win.cc(123)] NtOpenThread: {Accès refusé} Un processus a demandé l’accès a un objet, mais il ne bénéficie pas des autorisations nécessaires. (0xc0000022)
[1101/025450.422:ERROR:exception_snapshot_win.cc(99)] thread ID 9260 not found in process
